 
****************************************
Report : timing
        -path full
        -delay min
        -max_paths 10
Design : vending_top
Version: X-2025.06-SP2
Date   : Fri Jul 17 20:45:02 2026
****************************************

Operating Conditions: tt1p05v25c   Library: saed32rvt_tt1p05v25c
Wire Load Model Mode: enclosed

  Startpoint: u_credit_reg/credit_reg[0]
              (rising edge-triggered flip-flop clocked by clk)
  Endpoint: u_credit_reg/credit_reg[0]
            (rising edge-triggered flip-flop clocked by clk)
  Path Group: clk
  Path Type: min

  Des/Clust/Port     Wire Load Model       Library
  ------------------------------------------------
  vending_top        8000                  saed32rvt_tt1p05v25c
  credit_reg         ForQA                 saed32rvt_tt1p05v25c

  Point                                                   Incr       Path
  --------------------------------------------------------------------------
  clock clk (rise edge)                                   0.00       0.00
  clock network delay (ideal)                             0.00       0.00
  u_credit_reg/credit_reg[0]/CLK (DFFX1_RVT)              0.00       0.00 r
  u_credit_reg/credit_reg[0]/QN (DFFX1_RVT)               0.06       0.06 f
  u_credit_reg/U9/Y (OA221X1_RVT)                         0.06       0.12 f
  u_credit_reg/credit_reg[0]/D (DFFX1_RVT)                0.01       0.13 f
  data arrival time                                                  0.13

  clock clk (rise edge)                                   0.00       0.00
  clock network delay (ideal)                             0.00       0.00
  u_credit_reg/credit_reg[0]/CLK (DFFX1_RVT)              0.00       0.00 r
  library hold time                                      -0.01      -0.01
  data required time                                                -0.01
  --------------------------------------------------------------------------
  data required time                                                -0.01
  data arrival time                                                 -0.13
  --------------------------------------------------------------------------
  slack (MET)                                                        0.14


  Startpoint: u_memory/mem_reg[1][1]
              (rising edge-triggered flip-flop clocked by clk)
  Endpoint: u_memory/mem_reg[1][1]
            (rising edge-triggered flip-flop clocked by clk)
  Path Group: clk
  Path Type: min

  Des/Clust/Port     Wire Load Model       Library
  ------------------------------------------------
  vending_top        8000                  saed32rvt_tt1p05v25c
  vending_memory     8000                  saed32rvt_tt1p05v25c

  Point                                                   Incr       Path
  --------------------------------------------------------------------------
  clock clk (rise edge)                                   0.00       0.00
  clock network delay (ideal)                             0.00       0.00
  u_memory/mem_reg[1][1]/CLK (DFFX1_RVT)                  0.00       0.00 r
  u_memory/mem_reg[1][1]/Q (DFFX1_RVT)                    0.08       0.08 f
  u_memory/U57/Y (AO22X1_RVT)                             0.05       0.13 f
  u_memory/mem_reg[1][1]/D (DFFX1_RVT)                    0.01       0.14 f
  data arrival time                                                  0.14

  clock clk (rise edge)                                   0.00       0.00
  clock network delay (ideal)                             0.00       0.00
  u_memory/mem_reg[1][1]/CLK (DFFX1_RVT)                  0.00       0.00 r
  library hold time                                      -0.01      -0.01
  data required time                                                -0.01
  --------------------------------------------------------------------------
  data required time                                                -0.01
  data arrival time                                                 -0.14
  --------------------------------------------------------------------------
  slack (MET)                                                        0.15


  Startpoint: u_memory/mem_reg[1][3]
              (rising edge-triggered flip-flop clocked by clk)
  Endpoint: u_memory/mem_reg[1][3]
            (rising edge-triggered flip-flop clocked by clk)
  Path Group: clk
  Path Type: min

  Des/Clust/Port     Wire Load Model       Library
  ------------------------------------------------
  vending_top        8000                  saed32rvt_tt1p05v25c
  vending_memory     8000                  saed32rvt_tt1p05v25c

  Point                                                   Incr       Path
  --------------------------------------------------------------------------
  clock clk (rise edge)                                   0.00       0.00
  clock network delay (ideal)                             0.00       0.00
  u_memory/mem_reg[1][3]/CLK (DFFX1_RVT)                  0.00       0.00 r
  u_memory/mem_reg[1][3]/Q (DFFX1_RVT)                    0.08       0.08 f
  u_memory/U59/Y (AO22X1_RVT)                             0.05       0.13 f
  u_memory/mem_reg[1][3]/D (DFFX1_RVT)                    0.01       0.14 f
  data arrival time                                                  0.14

  clock clk (rise edge)                                   0.00       0.00
  clock network delay (ideal)                             0.00       0.00
  u_memory/mem_reg[1][3]/CLK (DFFX1_RVT)                  0.00       0.00 r
  library hold time                                      -0.01      -0.01
  data required time                                                -0.01
  --------------------------------------------------------------------------
  data required time                                                -0.01
  data arrival time                                                 -0.14
  --------------------------------------------------------------------------
  slack (MET)                                                        0.15


  Startpoint: u_memory/mem_reg[1][4]
              (rising edge-triggered flip-flop clocked by clk)
  Endpoint: u_memory/mem_reg[1][4]
            (rising edge-triggered flip-flop clocked by clk)
  Path Group: clk
  Path Type: min

  Des/Clust/Port     Wire Load Model       Library
  ------------------------------------------------
  vending_top        8000                  saed32rvt_tt1p05v25c
  vending_memory     8000                  saed32rvt_tt1p05v25c

  Point                                                   Incr       Path
  --------------------------------------------------------------------------
  clock clk (rise edge)                                   0.00       0.00
  clock network delay (ideal)                             0.00       0.00
  u_memory/mem_reg[1][4]/CLK (DFFX1_RVT)                  0.00       0.00 r
  u_memory/mem_reg[1][4]/Q (DFFX1_RVT)                    0.08       0.08 f
  u_memory/U60/Y (AO22X1_RVT)                             0.05       0.13 f
  u_memory/mem_reg[1][4]/D (DFFX1_RVT)                    0.01       0.14 f
  data arrival time                                                  0.14

  clock clk (rise edge)                                   0.00       0.00
  clock network delay (ideal)                             0.00       0.00
  u_memory/mem_reg[1][4]/CLK (DFFX1_RVT)                  0.00       0.00 r
  library hold time                                      -0.01      -0.01
  data required time                                                -0.01
  --------------------------------------------------------------------------
  data required time                                                -0.01
  data arrival time                                                 -0.14
  --------------------------------------------------------------------------
  slack (MET)                                                        0.15


  Startpoint: u_memory/mem_reg[3][0]
              (rising edge-triggered flip-flop clocked by clk)
  Endpoint: u_memory/mem_reg[3][0]
            (rising edge-triggered flip-flop clocked by clk)
  Path Group: clk
  Path Type: min

  Des/Clust/Port     Wire Load Model       Library
  ------------------------------------------------
  vending_top        8000                  saed32rvt_tt1p05v25c
  vending_memory     8000                  saed32rvt_tt1p05v25c

  Point                                                   Incr       Path
  --------------------------------------------------------------------------
  clock clk (rise edge)                                   0.00       0.00
  clock network delay (ideal)                             0.00       0.00
  u_memory/mem_reg[3][0]/CLK (DFFX1_RVT)                  0.00       0.00 r
  u_memory/mem_reg[3][0]/Q (DFFX1_RVT)                    0.08       0.08 f
  u_memory/U28/Y (AO22X1_RVT)                             0.05       0.13 f
  u_memory/mem_reg[3][0]/D (DFFX1_RVT)                    0.01       0.14 f
  data arrival time                                                  0.14

  clock clk (rise edge)                                   0.00       0.00
  clock network delay (ideal)                             0.00       0.00
  u_memory/mem_reg[3][0]/CLK (DFFX1_RVT)                  0.00       0.00 r
  library hold time                                      -0.01      -0.01
  data required time                                                -0.01
  --------------------------------------------------------------------------
  data required time                                                -0.01
  data arrival time                                                 -0.14
  --------------------------------------------------------------------------
  slack (MET)                                                        0.15


  Startpoint: u_memory/mem_reg[0][1]
              (rising edge-triggered flip-flop clocked by clk)
  Endpoint: u_memory/mem_reg[0][1]
            (rising edge-triggered flip-flop clocked by clk)
  Path Group: clk
  Path Type: min

  Des/Clust/Port     Wire Load Model       Library
  ------------------------------------------------
  vending_top        8000                  saed32rvt_tt1p05v25c
  vending_memory     8000                  saed32rvt_tt1p05v25c

  Point                                                   Incr       Path
  --------------------------------------------------------------------------
  clock clk (rise edge)                                   0.00       0.00
  clock network delay (ideal)                             0.00       0.00
  u_memory/mem_reg[0][1]/CLK (DFFX1_RVT)                  0.00       0.00 r
  u_memory/mem_reg[0][1]/Q (DFFX1_RVT)                    0.08       0.08 f
  u_memory/U66/Y (AO22X1_RVT)                             0.05       0.13 f
  u_memory/mem_reg[0][1]/D (DFFX1_RVT)                    0.01       0.14 f
  data arrival time                                                  0.14

  clock clk (rise edge)                                   0.00       0.00
  clock network delay (ideal)                             0.00       0.00
  u_memory/mem_reg[0][1]/CLK (DFFX1_RVT)                  0.00       0.00 r
  library hold time                                      -0.01      -0.01
  data required time                                                -0.01
  --------------------------------------------------------------------------
  data required time                                                -0.01
  data arrival time                                                 -0.14
  --------------------------------------------------------------------------
  slack (MET)                                                        0.15


  Startpoint: u_memory/mem_reg[0][3]
              (rising edge-triggered flip-flop clocked by clk)
  Endpoint: u_memory/mem_reg[0][3]
            (rising edge-triggered flip-flop clocked by clk)
  Path Group: clk
  Path Type: min

  Des/Clust/Port     Wire Load Model       Library
  ------------------------------------------------
  vending_top        8000                  saed32rvt_tt1p05v25c
  vending_memory     8000                  saed32rvt_tt1p05v25c

  Point                                                   Incr       Path
  --------------------------------------------------------------------------
  clock clk (rise edge)                                   0.00       0.00
  clock network delay (ideal)                             0.00       0.00
  u_memory/mem_reg[0][3]/CLK (DFFX1_RVT)                  0.00       0.00 r
  u_memory/mem_reg[0][3]/Q (DFFX1_RVT)                    0.08       0.08 f
  u_memory/U68/Y (AO22X1_RVT)                             0.05       0.13 f
  u_memory/mem_reg[0][3]/D (DFFX1_RVT)                    0.01       0.14 f
  data arrival time                                                  0.14

  clock clk (rise edge)                                   0.00       0.00
  clock network delay (ideal)                             0.00       0.00
  u_memory/mem_reg[0][3]/CLK (DFFX1_RVT)                  0.00       0.00 r
  library hold time                                      -0.01      -0.01
  data required time                                                -0.01
  --------------------------------------------------------------------------
  data required time                                                -0.01
  data arrival time                                                 -0.14
  --------------------------------------------------------------------------
  slack (MET)                                                        0.15


  Startpoint: u_memory/mem_reg[0][4]
              (rising edge-triggered flip-flop clocked by clk)
  Endpoint: u_memory/mem_reg[0][4]
            (rising edge-triggered flip-flop clocked by clk)
  Path Group: clk
  Path Type: min

  Des/Clust/Port     Wire Load Model       Library
  ------------------------------------------------
  vending_top        8000                  saed32rvt_tt1p05v25c
  vending_memory     8000                  saed32rvt_tt1p05v25c

  Point                                                   Incr       Path
  --------------------------------------------------------------------------
  clock clk (rise edge)                                   0.00       0.00
  clock network delay (ideal)                             0.00       0.00
  u_memory/mem_reg[0][4]/CLK (DFFX1_RVT)                  0.00       0.00 r
  u_memory/mem_reg[0][4]/Q (DFFX1_RVT)                    0.08       0.08 f
  u_memory/U69/Y (AO22X1_RVT)                             0.05       0.13 f
  u_memory/mem_reg[0][4]/D (DFFX1_RVT)                    0.01       0.14 f
  data arrival time                                                  0.14

  clock clk (rise edge)                                   0.00       0.00
  clock network delay (ideal)                             0.00       0.00
  u_memory/mem_reg[0][4]/CLK (DFFX1_RVT)                  0.00       0.00 r
  library hold time                                      -0.01      -0.01
  data required time                                                -0.01
  --------------------------------------------------------------------------
  data required time                                                -0.01
  data arrival time                                                 -0.14
  --------------------------------------------------------------------------
  slack (MET)                                                        0.15


  Startpoint: u_memory/mem_reg[2][2]
              (rising edge-triggered flip-flop clocked by clk)
  Endpoint: u_memory/mem_reg[2][2]
            (rising edge-triggered flip-flop clocked by clk)
  Path Group: clk
  Path Type: min

  Des/Clust/Port     Wire Load Model       Library
  ------------------------------------------------
  vending_top        8000                  saed32rvt_tt1p05v25c
  vending_memory     8000                  saed32rvt_tt1p05v25c

  Point                                                   Incr       Path
  --------------------------------------------------------------------------
  clock clk (rise edge)                                   0.00       0.00
  clock network delay (ideal)                             0.00       0.00
  u_memory/mem_reg[2][2]/CLK (DFFX1_RVT)                  0.00       0.00 r
  u_memory/mem_reg[2][2]/Q (DFFX1_RVT)                    0.08       0.08 f
  u_memory/U48/Y (AO22X1_RVT)                             0.05       0.13 f
  u_memory/mem_reg[2][2]/D (DFFX1_RVT)                    0.01       0.14 f
  data arrival time                                                  0.14

  clock clk (rise edge)                                   0.00       0.00
  clock network delay (ideal)                             0.00       0.00
  u_memory/mem_reg[2][2]/CLK (DFFX1_RVT)                  0.00       0.00 r
  library hold time                                      -0.01      -0.01
  data required time                                                -0.01
  --------------------------------------------------------------------------
  data required time                                                -0.01
  data arrival time                                                 -0.14
  --------------------------------------------------------------------------
  slack (MET)                                                        0.15


  Startpoint: u_memory/mem_reg[2][3]
              (rising edge-triggered flip-flop clocked by clk)
  Endpoint: u_memory/mem_reg[2][3]
            (rising edge-triggered flip-flop clocked by clk)
  Path Group: clk
  Path Type: min

  Des/Clust/Port     Wire Load Model       Library
  ------------------------------------------------
  vending_top        8000                  saed32rvt_tt1p05v25c
  vending_memory     8000                  saed32rvt_tt1p05v25c

  Point                                                   Incr       Path
  --------------------------------------------------------------------------
  clock clk (rise edge)                                   0.00       0.00
  clock network delay (ideal)                             0.00       0.00
  u_memory/mem_reg[2][3]/CLK (DFFX1_RVT)                  0.00       0.00 r
  u_memory/mem_reg[2][3]/Q (DFFX1_RVT)                    0.08       0.08 f
  u_memory/U49/Y (AO22X1_RVT)                             0.05       0.13 f
  u_memory/mem_reg[2][3]/D (DFFX1_RVT)                    0.01       0.14 f
  data arrival time                                                  0.14

  clock clk (rise edge)                                   0.00       0.00
  clock network delay (ideal)                             0.00       0.00
  u_memory/mem_reg[2][3]/CLK (DFFX1_RVT)                  0.00       0.00 r
  library hold time                                      -0.01      -0.01
  data required time                                                -0.01
  --------------------------------------------------------------------------
  data required time                                                -0.01
  data arrival time                                                 -0.14
  --------------------------------------------------------------------------
  slack (MET)                                                        0.15


1
