
                                 Formality (R)

               Version X-2025.06-SP3 for linux64 - Oct 13, 2025 

                    Copyright (c) 1988 - 2025 Synopsys, Inc.
   This software and the associated documentation are proprietary to Synopsys,
 Inc. This software may only be used in accordance with the terms and conditions
 of a written license agreement with Synopsys, Inc. All other use, reproduction,
   or distribution of this software is strictly prohibited.  Licensed Products
     communicate with Synopsys servers for the purpose of providing software
    updates, detecting software piracy and verifying that customers are using
    Licensed Products in conformity with the applicable License Key for such
  Licensed Products. Synopsys will use information gathered in connection with
    this process to deliver software updates and pursue software pirates and
                                   infringers.

 Inclusivity & Diversity - Visit SolvNetPlus to read the "Synopsys Statement on
            Inclusivity and Diversity" (Refer to article 000036315 at
                        https://solvnetplus.synopsys.com)

Build: 10190302
Hostname: srv-microeletronica3
Current time: Mon Jul 20 21:41:17 2026

Loading db file '/Tools/synopsys/fm/X-2025.06-SP3/libraries/syn/gtech.db'

Script: formality.tcl

Information: Term was not able to be set up using xterm-256color . Using "xterm" by default instead. (CLE-10)
# ============================================================
# Formality - Verificacao de equivalencia RTL vs Netlist
# Projeto: Vending Machine
# Top-level: vending_top
# ============================================================
set ROOT_DIR ..
..
set RTL_DIR "$ROOT_DIR/rtl"
../rtl
set SYNTH_DIR "$ROOT_DIR/synth"
../synth
set REPORT_DIR "./reports"
./reports
file mkdir $REPORT_DIR
# Biblioteca usada na sintese
set LIB_DB "/Tools/PDK/SAED32/EDK_Digital/lib/stdcell_rvt/db_nldm/saed32rvt_tt1p05v25c.db"
/Tools/PDK/SAED32/EDK_Digital/lib/stdcell_rvt/db_nldm/saed32rvt_tt1p05v25c.db
# 1. Ler biblioteca tecnologica
read_db $LIB_DB
Loading db file '/Tools/PDK/SAED32/EDK_Digital/lib/stdcell_rvt/db_nldm/saed32rvt_tt1p05v25c.db'
1
# 2. Ativar auto setup ANTES de carregar o SVF
set synopsys_auto_setup true
true
# 3. Carregar guidance SVF gerado pelo Design Compiler
set_svf "$SYNTH_DIR/reports/default.svf"
SVF set to '/home/raissa.genesio/Grupo_AmandaRaissa_vending/synth/reports/default.svf'.
1
# 4. Ler design de referencia/golden: RTL SystemVerilog
read_sverilog -r [list \
    "$RTL_DIR/vending_pkg.sv" \
    "$RTL_DIR/credit_reg.sv" \
    "$RTL_DIR/memory.sv" \
    "$RTL_DIR/comparator.sv" \
    "$RTL_DIR/subtractor.sv" \
    "$RTL_DIR/control_unit.sv" \
    "$RTL_DIR/vending_top.sv" \
]
No target library specified, default is WORK
Loading verilog file '/home/raissa.genesio/Grupo_AmandaRaissa_vending/rtl/vending_pkg.sv'
Loading verilog file '/home/raissa.genesio/Grupo_AmandaRaissa_vending/rtl/credit_reg.sv'
Loading verilog file '/home/raissa.genesio/Grupo_AmandaRaissa_vending/rtl/memory.sv'
Loading verilog file '/home/raissa.genesio/Grupo_AmandaRaissa_vending/rtl/comparator.sv'
Loading verilog file '/home/raissa.genesio/Grupo_AmandaRaissa_vending/rtl/subtractor.sv'
Loading verilog file '/home/raissa.genesio/Grupo_AmandaRaissa_vending/rtl/control_unit.sv'
Loading verilog file '/home/raissa.genesio/Grupo_AmandaRaissa_vending/rtl/vending_top.sv'
Current container set to 'r'
1
set_top r:/WORK/vending_top
Setting top design to 'r:/WORK/vending_top'
Status:   Elaborating design vending_top   ...  
Status:   Elaborating design credit_reg   ...  
Status:   Elaborating design vending_memory   ...  
Status:   Elaborating design comparator   ...  
Status:   Elaborating design subtractor   ...  
Status:   Elaborating design control_unit   ...  
Status:  Implementing inferred operators...

************ Library Checking Summary ************
Warning:  8 unlinked power cell(s) with unread pg pins.
Warning:  1 unlinked power cell(s) with unread save/restore retention signals.
Warning:  72 unlinked power cell(s) with no power down function on an ff or latch.
        Use 'report_libraries -defects all' for more details.
**************************************************

Top design successfully set to 'r:/WORK/vending_top'
Reference design set to 'r:/WORK/vending_top'
1
# 5. Ler design de implementacao/revised: netlist sintetizada
read_verilog -i "$SYNTH_DIR/netlist/vending_top_mapped.v"
No target library specified, default is WORK
Loading verilog file '/home/raissa.genesio/Grupo_AmandaRaissa_vending/synth/netlist/vending_top_mapped.v'
Current container set to 'i'
1
set_top i:/WORK/vending_top
Setting top design to 'i:/WORK/vending_top'
Status:  Implementing inferred operators...

************ Library Checking Summary ************
Warning:  8 unlinked power cell(s) with unread pg pins.
Warning:  1 unlinked power cell(s) with unread save/restore retention signals.
Warning:  72 unlinked power cell(s) with no power down function on an ff or latch.
        Use 'report_libraries -defects all' for more details.
**************************************************

Top design successfully set to 'i:/WORK/vending_top'
Implementation design set to 'i:/WORK/vending_top'
1
# 6. Matching
match
Reference design is 'r:/WORK/vending_top'
Implementation design is 'i:/WORK/vending_top'
Status:  Checking designs...
    Warning: 0 (10) undriven nets found in reference (implementation) design; see formality1.log for list (FM-399)
Status:  Building verification models...
Status:  Checking Consistency...
    Info: Design(ref) vs SVF ...
    Warning: Inconsistency found between Formality Design Files and Synthesis guide files information. (FM-622)
    	SVF-DESIGN: Files with missing guide_file_info: 7
		/home/raissa.genesio/Grupo_AmandaRaissa_vending/rtl/comparator.sv
		/home/raissa.genesio/Grupo_AmandaRaissa_vending/rtl/control_unit.sv
		/home/raissa.genesio/Grupo_AmandaRaissa_vending/rtl/credit_reg.sv
		/home/raissa.genesio/Grupo_AmandaRaissa_vending/rtl/memory.sv
		/home/raissa.genesio/Grupo_AmandaRaissa_vending/rtl/subtractor.sv
		/home/raissa.genesio/Grupo_AmandaRaissa_vending/rtl/vending_pkg.sv
		/home/raissa.genesio/Grupo_AmandaRaissa_vending/rtl/vending_top.sv
    Info: Completed

    
******************** DESIGN CONSISTENCY CHECK SUMMARY ********************
1 FM-622 message produced.
Please check the transcript for details.
*************************************************************************

Status:  Processing Guide Commands...
    SVF BEGIN: Timestamp: Cpu: 0.001h, Wall: 0.001h, Mem: 1.002G, Current time: Mon Jul 20 21:41:18 2026
    SVF END: Timestamp: Cpu: 0.001h, Wall: 0.001h, Mem: 1.004G, Current time: Mon Jul 20 21:41:18 2026

***************************** Guidance Summary *****************************
                                         Status
Command                 Accepted   Rejected    Pending Unprocessed     Total
----------------------------------------------------------------------------
change_names        :          6          0          0          0          6
constant            :          1          0          0          0          1
environment         :          4          0          0          0          4
reg_constant        :         48          0          0          0         48
----------------------------------------------------------------------------
Total               :         59          0          0          0         59


Note: No guide_hier_map commands were found in the SVF. It is
      important to enable guide_hier_map generation in
      Design Compiler to avoid SVF rejections that can cause
      aborted/failing points or long run times during verification.
      In Design Compiler the recommended methodology uses variable
      hdlin_enable_hier_map and command set_verification_top.

SVF files read:
      /home/raissa.genesio/Grupo_AmandaRaissa_vending/synth/reports/default.svf

SVF files produced:
  /home/raissa.genesio/Grupo_AmandaRaissa_vending/fm/formality1_svf/
    svf.txt
****************************************************************************

Status:  Matching...
    
*********************************** Matching Results ***********************************    
 75 Compare points matched by name    
 0 Compare points matched by signature analysis    
 0 Compare points matched by topology    
 8 Matched primary inputs, black-box outputs    
 0(0) Unmatched reference(implementation) compare points    
 0(0) Unmatched reference(implementation) primary inputs, black-box outputs    
****************************************************************************************

1
redirect -file "$REPORT_DIR/svf_accepted.rpt" {
    report_svf_operation -status accepted
}
redirect -file "$REPORT_DIR/svf_rejected.rpt" {
    report_svf_operation -status rejected
}
redirect -file "$REPORT_DIR/matched_points.rpt" {
    report_matched_points
}
redirect -file "$REPORT_DIR/unmatched_points_pre_verify.rpt" {
    report_unmatched_points
}
# 7. Verification
verify
Reference design is 'r:/WORK/vending_top'
Implementation design is 'i:/WORK/vending_top'
    
*********************************** Matching Results ***********************************    
 75 Compare points matched by name    
 0 Compare points matched by signature analysis    
 0 Compare points matched by topology    
 8 Matched primary inputs, black-box outputs    
 0(0) Unmatched reference(implementation) compare points    
 0(0) Unmatched reference(implementation) primary inputs, black-box outputs    
****************************************************************************************

Status:  Verifying...

***************************** Synopsys Auto Setup Summary ******************************

!!! Synopsys Auto Setup Mode was enabled. !!!
!!! Verification results are valid assuming the following setup constraints: !!!

### RTL Interpretation Setup
   set hdlin_ignore_parallel_case false
   set hdlin_ignore_full_case false
   set hdlin_error_on_mismatch_message false
   set hdlin_ignore_embedded_configuration true

### Undriven Signal Handling Setup
   set verification_set_undriven_signals synthesis

### Test Logic Setup
   set verification_verify_directly_undriven_output false
   For details see report_dont_verify_points and report_constants

For further details on Synopsys Auto Setup Mode: Type man synopsys_auto_setup
****************************************************************************************


********************************* Verification Results *********************************
Verification SUCCEEDED
   ATTENTION: synopsys_auto_setup mode was enabled.
              See Synopsys Auto Setup Summary for details.
   ATTENTION: Inconsistency detected in design data with SVF.
              See Design Consistency Check Summary for details.
----------------------------------------------------------
 Reference design: r:/WORK/vending_top
 Implementation design: i:/WORK/vending_top
 75 Passing compare points
----------------------------------------------------------------------------------------
Matched Compare Points     BBPin    Loop   BBNet     Cut    Port     DFF     LAT   TOTAL
----------------------------------------------------------------------------------------
Passing (equivalent)           0       0       0       0      21      54       0      75
Failing (not equivalent)       0       0       0       0       0       0       0       0
****************************************************************************************
1
redirect -file "$REPORT_DIR/status_verbose.rpt" {
    report_status
}
redirect -file "$REPORT_DIR/passing_points.rpt" {
    report_passing_points
}
redirect -file "$REPORT_DIR/failing_points.rpt" {
    report_failing_points
}
redirect -file "$REPORT_DIR/unmatched_points_post_verify.rpt" {
    report_unmatched_points
}
exit

Maximum memory usage for this session: 1028 MB
CPU usage for this session: 2.56 seconds ( 0.00 hours )
Current time: Mon Jul 20 21:41:19 2026
Elapsed time: 2 seconds ( 0.00 hours )

Thank you for using Formality (R)!
